Build started 26/04/2015 4:19:06 PM.
     1>Project "C:\Users\simon\Desktop\FIT2071_Foundations_in_C++\Assignments\Assignment2\Assignment2\Assignment2.vcxproj" on node 2 (Build target(s)).
     1>InitializeBuildStatus:
         Creating "Debug\Assignment2.tlog\unsuccessfulbuild" because "AlwaysCreate" was specified.
       ClCompile:
         C:\Program Files (x86)\Microsoft Visual Studio 12.0\VC\bin\CL.exe /c /ZI /nologo /W3 /WX- /sdl /Od /Oy- /D _MBCS /Gm /EHsc /RTC1 /MDd /GS /fp:precise /Zc:wchar_t /Zc:forScope /Fo"Debug\\" /Fd"Debug\vc120.pdb" /Gd /TP /analyze- /errorReport:prompt Game.cpp Main.cpp Player.cpp
         Main.cpp
         Generating Code...
         Skipping... (no relevant changes detected)
         Player.cpp
         Game.cpp
       Link:
         C:\Program Files (x86)\Microsoft Visual Studio 12.0\VC\bin\link.exe /ERRORREPORT:PROMPT /OUT:"C:\Users\simon\Desktop\FIT2071_Foundations_in_C++\Assignments\Assignment2\Debug\Assignment2.exe" /INCREMENTAL /NOLOGO kernel32.lib user32.lib gdi32.lib winspool.lib comdlg32.lib advapi32.lib shell32.lib ole32.lib oleaut32.lib uuid.lib odbc32.lib odbccp32.lib /MANIFEST /MANIFESTUAC:"level='asInvoker' uiAccess='false'" /manifest:embed /DEBUG /PDB:"C:\Users\simon\Desktop\FIT2071_Foundations_in_C++\Assignments\Assignment2\Debug\Assignment2.pdb" /TLBID:1 /DYNAMICBASE /NXCOMPAT /IMPLIB:"C:\Users\simon\Desktop\FIT2071_Foundations_in_C++\Assignments\Assignment2\Debug\Assignment2.lib" /MACHINE:X86 Debug\Game.obj
         Debug\Main.obj
         Debug\Player.obj
         Assignment2.vcxproj -> C:\Users\simon\Desktop\FIT2071_Foundations_in_C++\Assignments\Assignment2\Debug\Assignment2.exe
       FinalizeBuildStatus:
         Deleting file "Debug\Assignment2.tlog\unsuccessfulbuild".
         Touching "Debug\Assignment2.tlog\Assignment2.lastbuildstate".
     1>Done Building Project "C:\Users\simon\Desktop\FIT2071_Foundations_in_C++\Assignments\Assignment2\Assignment2\Assignment2.vcxproj" (Build target(s)).

Build succeeded.

Time Elapsed 00:00:03.38
